{"D:\\renea\\Documents\\Documentacion\\Swagger3.0\\src\\server.js": {"path":"D:\\renea\\Documents\\Documentacion\\Swagger3.0\\src\\server.js","statementMap":{"0":{"start":{"line":1,"column":16},"end":{"line":1,"column":34}},"1":{"start":{"line":2,"column":12},"end":{"line":2,"column":21}},"2":{"start":{"line":3,"column":18},"end":{"line":3,"column":47}},"3":{"start":{"line":4,"column":23},"end":{"line":4,"column":47}},"4":{"start":{"line":6,"column":0},"end":{"line":6,"column":35}},"5":{"start":{"line":10,"column":26},"end":{"line":32,"column":1}},"6":{"start":{"line":34,"column":16},"end":{"line":38,"column":1}},"7":{"start":{"line":40,"column":14},"end":{"line":40,"column":37}},"8":{"start":{"line":43,"column":0},"end":{"line":43,"column":34}},"9":{"start":{"line":45,"column":0},"end":{"line":45,"column":86}},"10":{"start":{"line":47,"column":0},"end":{"line":49,"column":3}},"11":{"start":{"line":51,"column":0},"end":{"line":51,"column":21}}},"fnMap":{"0":{"name":"(anonymous_0)","decl":{"start":{"line":47,"column":17},"end":{"line":47,"column":18}},"loc":{"start":{"line":47,"column":23},"end":{"line":49,"column":1}},"line":47}},"branchMap":{},"s":{"0":1,"1":1,"2":1,"3":1,"4":1,"5":1,"6":1,"7":1,"8":1,"9":1,"10":1,"11":1},"f":{"0":1},"b":{},"_coverageSchema":"1a1c01bbd47fc00a2c39e90264f33305004495a9","hash":"ee23a11119651edb81e9d0180d31069a98c937d6"}
,"D:\\renea\\Documents\\Documentacion\\Swagger3.0\\src\\routes\\index.js": {"path":"D:\\renea\\Documents\\Documentacion\\Swagger3.0\\src\\routes\\index.js","statementMap":{"0":{"start":{"line":1,"column":16},"end":{"line":1,"column":34}},"1":{"start":{"line":2,"column":15},"end":{"line":2,"column":24}},"2":{"start":{"line":4,"column":0},"end":{"line":4,"column":34}},"3":{"start":{"line":6,"column":0},"end":{"line":6,"column":24}}},"fnMap":{},"branchMap":{},"s":{"0":1,"1":1,"2":1,"3":1},"f":{},"b":{},"_coverageSchema":"1a1c01bbd47fc00a2c39e90264f33305004495a9","hash":"3d45a403770894fe9d6e21580214bbf82e77ac50"}
,"D:\\renea\\Documents\\Documentacion\\Swagger3.0\\src\\routes\\usuarios.js": {"path":"D:\\renea\\Documents\\Documentacion\\Swagger3.0\\src\\routes\\usuarios.js","statementMap":{"0":{"start":{"line":1,"column":16},"end":{"line":1,"column":34}},"1":{"start":{"line":2,"column":12},"end":{"line":2,"column":21}},"2":{"start":{"line":29,"column":0},"end":{"line":33,"column":3}},"3":{"start":{"line":30,"column":4},"end":{"line":32,"column":7}},"4":{"start":{"line":35,"column":0},"end":{"line":41,"column":3}},"5":{"start":{"line":36,"column":23},"end":{"line":36,"column":31}},"6":{"start":{"line":38,"column":4},"end":{"line":40,"column":6}},"7":{"start":{"line":43,"column":0},"end":{"line":43,"column":21}}},"fnMap":{"0":{"name":"(anonymous_0)","decl":{"start":{"line":29,"column":20},"end":{"line":29,"column":21}},"loc":{"start":{"line":29,"column":34},"end":{"line":33,"column":1}},"line":29},"1":{"name":"(anonymous_1)","decl":{"start":{"line":35,"column":21},"end":{"line":35,"column":22}},"loc":{"start":{"line":35,"column":35},"end":{"line":41,"column":1}},"line":35}},"branchMap":{},"s":{"0":1,"1":1,"2":1,"3":1,"4":1,"5":0,"6":0,"7":1},"f":{"0":1,"1":0},"b":{},"_coverageSchema":"1a1c01bbd47fc00a2c39e90264f33305004495a9","hash":"286a00853f8247c6b2e470de4bf929dca038efa2"}
}
