TN:
SF:src\server.js
FN:47,(anonymous_0)
FNF:1
FNH:1
FNDA:1,(anonymous_0)
DA:1,1
DA:2,1
DA:3,1
DA:4,1
DA:6,1
DA:10,1
DA:34,1
DA:40,1
DA:43,1
DA:45,1
DA:47,1
DA:51,1
LF:12
LH:12
BRF:0
BRH:0
end_of_record
TN:
SF:src\routes\index.js
FNF:0
FNH:0
DA:1,1
DA:2,1
DA:4,1
DA:6,1
LF:4
LH:4
BRF:0
BRH:0
end_of_record
TN:
SF:src\routes\usuarios.js
FN:29,(anonymous_0)
FN:35,(anonymous_1)
FNF:2
FNH:1
FNDA:1,(anonymous_0)
FNDA:0,(anonymous_1)
DA:1,1
DA:2,1
DA:29,1
DA:30,1
DA:35,1
DA:36,0
DA:38,0
DA:43,1
LF:8
LH:6
BRF:0
BRH:0
end_of_record
